<?xml version="1.0" encoding="UTF-8"?>
<!-- Generated by org.testng.reporters.JUnitXMLReporter -->
<testsuite ignored="0" hostname="DESKTOP-GSF0NSK" failures="0" tests="20" name="Test" time="27.818" errors="0" timestamp="2023-05-06T11:34:26 IST">
  <testcase classname="github_restassord.github_api" name="CREATE_A_REPOSITORY_FOR_A_AUTHENTICATED_USER" time="7.559"/>
  <testcase classname="github_restassord.github_api" name="UPDATE_A_REPOSITORY" time="0.959"/>
  <testcase classname="github_restassord.github_api" name="GET_A_REPOSITORY" time="0.668"/>
  <testcase classname="github_restassord.github_api" name="CREATE_FILE_CONTENT" time="0.778"/>
  <testcase classname="github_restassord.github_api" name="CREATE_A_FORK" time="6.272"/>
  <testcase classname="github_restassord.github_api" name="LIST_FORK" time="0.561"/>
  <testcase classname="github_restassord.github_api" name="LIST_REPOSITORIES_FOR_A_USER" time="0.959"/>
  <testcase classname="github_restassord.github_api" name="LIST_REPOSITORY_LANGUAGE" time="0.562"/>
  <testcase classname="github_restassord.github_api" name="LIST_PUBLIC_REPOSITORIES" time="0.816"/>
  <testcase classname="github_restassord.github_api" name="CREATE_A_RELEASE" time="1.002"/>
  <testcase classname="github_restassord.github_api" name="LIST_REPOSITORY_TAGS" time="0.566"/>
  <testcase classname="github_restassord.github_api" name="CREATE_AN_AUTOLINK_REFERENCE_FOR_A_REPOSITORY" time="0.625"/>
  <testcase classname="github_restassord.github_api" name="GET_AN_AUTOLINK_REFERENCE_FOR_A_REPOSITORY" time="0.535"/>
  <testcase classname="github_restassord.github_api" name="GET_A_REPOSITORY_AGAIN" time="0.609"/>
  <testcase classname="github_restassord.github_api" name="REPLACE_ALL_REPOSITORY_TOPICS" time="0.985"/>
  <testcase classname="github_restassord.github_api" name="GET_ALL_REPOSITORY_TOPICS" time="0.622"/>
  <testcase classname="github_restassord.github_api" name="DELETE_AN_AUTOLINK_REFERENCE_FOR_A_REPOSITORY" time="0.57"/>
  <testcase classname="github_restassord.github_api" name="DELETE_FORK" time="0.762"/>
  <testcase classname="github_restassord.github_api" name="DELETE_A_FILE" time="1.408"/>
  <testcase classname="github_restassord.github_api" name="DELETE_A_REPOSITORY" time="0.758"/>
</testsuite> <!-- Test -->
