<?xml version="1.0" encoding="UTF-8"?>
<!-- Generated by org.testng.reporters.JUnitXMLReporter -->
<testsuite ignored="0" hostname="DESKTOP-GSF0NSK" failures="0" tests="20" name="Default test" time="28.253" errors="0" timestamp="2023-05-05T17:23:49 IST">
  <testcase classname="github_restassord.github_api" name="CREATE_A_REPOSITORY_FOR_A_AUTHENTICATED_USER" time="8.657"/>
  <testcase classname="github_restassord.github_api" name="UPDATE_A_REPOSITORY" time="1.002"/>
  <testcase classname="github_restassord.github_api" name="GET_A_REPOSITORY" time="0.605"/>
  <testcase classname="github_restassord.github_api" name="CREATE_FILE_CONTENT" time="0.966"/>
  <testcase classname="github_restassord.github_api" name="CREATE_A_FORK" time="6.315"/>
  <testcase classname="github_restassord.github_api" name="LIST_FORK" time="0.559"/>
  <testcase classname="github_restassord.github_api" name="LIST_REPOSITORIES_FOR_A_USER" time="0.678"/>
  <testcase classname="github_restassord.github_api" name="LIST_REPOSITORY_LANGUAGE" time="0.495"/>
  <testcase classname="github_restassord.github_api" name="LIST_PUBLIC_REPOSITORIES" time="0.734"/>
  <testcase classname="github_restassord.github_api" name="CREATE_A_RELEASE" time="0.854"/>
  <testcase classname="github_restassord.github_api" name="LIST_REPOSITORY_TAGS" time="0.507"/>
  <testcase classname="github_restassord.github_api" name="CREATE_AN_AUTOLINK_REFERENCE_FOR_A_REPOSITORY" time="0.59"/>
  <testcase classname="github_restassord.github_api" name="GET_AN_AUTOLINK_REFERENCE_FOR_A_REPOSITORY" time="0.524"/>
  <testcase classname="github_restassord.github_api" name="GET_A_REPOSITORY_AGAIN" time="0.586"/>
  <testcase classname="github_restassord.github_api" name="REPLACE_ALL_REPOSITORY_TOPICS" time="0.984"/>
  <testcase classname="github_restassord.github_api" name="GET_ALL_REPOSITORY_TOPICS" time="0.597"/>
  <testcase classname="github_restassord.github_api" name="DELETE_AN_AUTOLINK_REFERENCE_FOR_A_REPOSITORY" time="0.497"/>
  <testcase classname="github_restassord.github_api" name="DELETE_FORK" time="0.692"/>
  <testcase classname="github_restassord.github_api" name="DELETE_A_FILE" time="1.497"/>
  <testcase classname="github_restassord.github_api" name="DELETE_A_REPOSITORY" time="0.706"/>
</testsuite> <!-- Default test -->
